<?xml version="1.0" encoding="UTF-8"?>
<!-- Generated by org.testng.reporters.JUnitXMLReporter -->
<testsuite ignored="0" hostname="DESKTOP-8CEJNNS" failures="1" tests="15" name="Test" time="18.282" errors="0" timestamp="2023-06-09T14:44:38 IST">
  <testcase classname="org.Manipal.testCases.TestCase1" name="@BeforeClass initialSetup" time="0.092">
    <failure type="java.lang.IllegalStateException" message="The driver executable must exist: C:\Users\TJ\Downloads\chromedriver_win32\chromedriver.exe">
      <![CDATA[java.lang.IllegalStateException: The driver executable must exist: C:\Users\TJ\Downloads\chromedriver_win32\chromedriver.exe
at org.openqa.selenium.internal.Require$FileStateChecker.isFile(Require.java:345)
at org.openqa.selenium.remote.service.DriverFinder.getPath(DriverFinder.java:40)
at org.openqa.selenium.chrome.ChromeDriver.generateExecutor(ChromeDriver.java:98)
at org.openqa.selenium.chrome.ChromeDriver.<init>(ChromeDriver.java:88)
at org.openqa.selenium.chrome.ChromeDriver.<init>(ChromeDriver.java:84)
at org.openqa.selenium.chrome.ChromeDriver.<init>(ChromeDriver.java:52)
at Manipal.Axis_010623.BaseConfigurations.getDriver(BaseConfigurations.java:15)
at org.Manipal.testCases.TestCase1.initialSetup(TestCase1.java:21)
at java.base/java.util.ArrayList.forEach(ArrayList.java:1511)
... Removed 25 stack frames]]>
    </failure>
  </testcase> <!-- @BeforeClass initialSetup -->
  <testcase classname="org.Manipal.testCases.TestCase1" name="@BeforeMethod initializePageObjects" time="-1.686302059981E9">
    <skipped/>
  </testcase> <!-- @BeforeMethod initializePageObjects -->
  <testcase classname="org.Manipal.pageObjects.TestCase1" name="@BeforeClass initialiSetup" time="0.003">
    <failure type="java.lang.IllegalStateException" message="The driver executable must exist: C:\Users\TJ\Downloads\chromedriver_win32\chromedriver.exe">
      <![CDATA[java.lang.IllegalStateException: The driver executable must exist: C:\Users\TJ\Downloads\chromedriver_win32\chromedriver.exe
at org.openqa.selenium.internal.Require$FileStateChecker.isFile(Require.java:345)
at org.openqa.selenium.remote.service.DriverFinder.getPath(DriverFinder.java:40)
at org.openqa.selenium.chrome.ChromeDriver.generateExecutor(ChromeDriver.java:98)
at org.openqa.selenium.chrome.ChromeDriver.<init>(ChromeDriver.java:88)
at org.openqa.selenium.chrome.ChromeDriver.<init>(ChromeDriver.java:84)
at org.openqa.selenium.chrome.ChromeDriver.<init>(ChromeDriver.java:52)
at Manipal.Axis_010623.BaseConfigurations.getDriver(BaseConfigurations.java:15)
at org.Manipal.pageObjects.TestCase1.initialiSetup(TestCase1.java:18)
at java.base/java.util.ArrayList.forEach(ArrayList.java:1511)
... Removed 25 stack frames]]>
    </failure>
  </testcase> <!-- @BeforeClass initialiSetup -->
  <testcase classname="FlipkartTesting.TestClass1" name="@BeforeClass setUp" time="-1.686302069416E9">
    <failure type="org.testng.TestNGException" message="
Parameter &amp;apos;browser&amp;apos; is required by BeforeClass on method setUp but has not been marked @Optional or defined
in C:\Users\USER\eclipse-workspace\Axis_010623\testrunner\testng.xml">
      <![CDATA[org.testng.TestNGException: 
Parameter 'browser' is required by BeforeClass on method setUp but has not been marked @Optional or defined
in C:\Users\USER\eclipse-workspace\Axis_010623\testrunner\testng.xml
at java.base/java.util.ArrayList.forEach(ArrayList.java:1511)
... Removed 22 stack frames]]>
    </failure>
  </testcase> <!-- @BeforeClass setUp -->
  <testcase classname="FlipkartTesting.TestClass1" name="@AfterClass tearDown" time="-1.686302069421E9">
    <skipped/>
  </testcase> <!-- @AfterClass tearDown -->
  <testcase classname="FlipkartTesting.TestClass2" name="@BeforeClass setUp" time="-1.686302069422E9">
    <failure type="org.testng.TestNGException" message="
Parameter &amp;apos;browser&amp;apos; is required by BeforeClass on method setUp but has not been marked @Optional or defined
in C:\Users\USER\eclipse-workspace\Axis_010623\testrunner\testng.xml">
      <![CDATA[org.testng.TestNGException: 
Parameter 'browser' is required by BeforeClass on method setUp but has not been marked @Optional or defined
in C:\Users\USER\eclipse-workspace\Axis_010623\testrunner\testng.xml
at java.base/java.util.ArrayList.forEach(ArrayList.java:1511)
... Removed 22 stack frames]]>
    </failure>
  </testcase> <!-- @BeforeClass setUp -->
  <testcase classname="FlipkartTesting.TestClass2" name="@AfterClass tearDown" time="-1.68630206943E9">
    <skipped/>
  </testcase> <!-- @AfterClass tearDown -->
  <testcase classname="Grid.Prac" name="@BeforeMethod setUp" time="-1.686302078116E9">
    <failure type="org.testng.TestNGException" message="
Parameter &amp;apos;browser&amp;apos; is required by BeforeMethod on method setUp but has not been marked @Optional or defined
in C:\Users\USER\eclipse-workspace\Axis_010623\testrunner\testng.xml">
      <![CDATA[org.testng.TestNGException: 
Parameter 'browser' is required by BeforeMethod on method setUp but has not been marked @Optional or defined
in C:\Users\USER\eclipse-workspace\Axis_010623\testrunner\testng.xml
at java.base/java.util.ArrayList.forEach(ArrayList.java:1511)
... Removed 28 stack frames]]>
    </failure>
  </testcase> <!-- @BeforeMethod setUp -->
  <testcase classname="Grid.Prac" name="@AfterMethod tearDown" time="-1.686302078123E9">
    <skipped/>
  </testcase> <!-- @AfterMethod tearDown -->
  <testcase classname="org.Manipal.testCases.TestCase1" name="scenario1" time="0.0">
    <skipped/>
  </testcase> <!-- scenario1 -->
  <testcase classname="org.Manipal.pageObjects.TestCase1" name="scenario" time="0.001">
    <skipped/>
  </testcase> <!-- scenario -->
  <testcase classname="selenium.DemoWebShopTestNG" name="verifyHomePageElements" time="0.379"/>
  <testcase classname="selenium.DemoWebShopTestNG" name="addToCartFirstProduct" time="0.001"/>
  <testcase classname="selenium.DemoWebShopTestNG" name="verifyAddToCartPage" time="0.0"/>
  <testcase classname="selenium.TestNgConcepts" name="testCase" time="0.001"/>
  <testcase classname="selenium.TestNgConcepts" name="testCase2" time="0.001"/>
  <testcase classname="selenium.TestNgConcepts" name="testScenario1" time="0.001"/>
  <testcase classname="FlipkartTesting.TestClass1" name="testMethod1" time="0.0">
    <skipped/>
  </testcase> <!-- testMethod1 -->
  <testcase classname="FlipkartTesting.TestClass2" name="testMethod2" time="0.0">
    <skipped/>
  </testcase> <!-- testMethod2 -->
  <testcase classname="selenium.NewTest" name="f" time="0.001"/>
  <testcase classname="TestNG.DemoWebShopTestNG" name="verifyHomePageElements" time="8.666">
    <failure type="org.openqa.selenium.NoSuchElementException" message="no such element: Unable to locate element: {&amp;quot;method&amp;quot;:&amp;quot;xpath&amp;quot;,&amp;quot;selector&amp;quot;:&amp;quot;//a[@class=&amp;apos;logo&amp;apos;]&amp;quot;}
  (Session info: chrome=114.0.5735.110)
For documentation on this error, please visit: https://selenium.dev/exceptions/#no_such_element
Build info: version: &amp;apos;4.9.1&amp;apos;, revision: &amp;apos;eb2032df7f&amp;apos;
System info: os.name: &amp;apos;Windows 11&amp;apos;, os.arch: &amp;apos;amd64&amp;apos;, os.version: &amp;apos;10.0&amp;apos;, java.version: &amp;apos;17.0.7&amp;apos;
Driver info: org.openqa.selenium.chrome.ChromeDriver
Command: [69fe2144d21004efe1b2eab72c1b46b3, findElement {using=xpath, value=//a[@class=&amp;apos;logo&amp;apos;]}]
Capabilities {acceptInsecureCerts: false, browserName: chrome, browserVersion: 114.0.5735.110, chrome: {chromedriverVersion: 114.0.5735.90 (386bc09e8f4f..., userDataDir: C:\Users\USER\AppData\Local...}, goog:chromeOptions: {debuggerAddress: localhost:54081}, networkConnectionEnabled: false, pageLoadStrategy: normal, platformName: windows, proxy: Proxy(), se:cdp: ws://localhost:54081/devtoo..., se:cdpVersion: 114.0.5735.110, setWindowRect: true, strictFileInteractability: false, timeouts: {implicit: 0, pageLoad: 300000, script: 30000}, unhandledPromptBehavior: dismiss and notify, webauthn:extension:credBlob: true, webauthn:extension:largeBlob: true, webauthn:extension:minPinLength: true, webauthn:extension:prf: true, webauthn:virtualAuthenticators: true}
Session ID: 69fe2144d21004efe1b2eab72c1b46b3">
      <![CDATA[org.openqa.selenium.NoSuchElementException: no such element: Unable to locate element: {"method":"xpath","selector":"//a[@class='logo']"}
  (Session info: chrome=114.0.5735.110)
For documentation on this error, please visit: https://selenium.dev/exceptions/#no_such_element
Build info: version: '4.9.1', revision: 'eb2032df7f'
System info: os.name: 'Windows 11', os.arch: 'amd64', os.version: '10.0', java.version: '17.0.7'
Driver info: org.openqa.selenium.chrome.ChromeDriver
Command: [69fe2144d21004efe1b2eab72c1b46b3, findElement {using=xpath, value=//a[@class='logo']}]
Capabilities {acceptInsecureCerts: false, browserName: chrome, browserVersion: 114.0.5735.110, chrome: {chromedriverVersion: 114.0.5735.90 (386bc09e8f4f..., userDataDir: C:\Users\USER\AppData\Local...}, goog:chromeOptions: {debuggerAddress: localhost:54081}, networkConnectionEnabled: false, pageLoadStrategy: normal, platformName: windows, proxy: Proxy(), se:cdp: ws://localhost:54081/devtoo..., se:cdpVersion: 114.0.5735.110, setWindowRect: true, strictFileInteractability: false, timeouts: {implicit: 0, pageLoad: 300000, script: 30000}, unhandledPromptBehavior: dismiss and notify, webauthn:extension:credBlob: true, webauthn:extension:largeBlob: true, webauthn:extension:minPinLength: true, webauthn:extension:prf: true, webauthn:virtualAuthenticators: true}
Session ID: 69fe2144d21004efe1b2eab72c1b46b3
at org.openqa.selenium.remote.codec.w3c.W3CHttpResponseCodec.createException(W3CHttpResponseCodec.java:200)
at org.openqa.selenium.remote.codec.w3c.W3CHttpResponseCodec.decode(W3CHttpResponseCodec.java:133)
at org.openqa.selenium.remote.codec.w3c.W3CHttpResponseCodec.decode(W3CHttpResponseCodec.java:53)
at org.openqa.selenium.remote.HttpCommandExecutor.execute(HttpCommandExecutor.java:193)
at org.openqa.selenium.remote.service.DriverCommandExecutor.invokeExecute(DriverCommandExecutor.java:183)
at org.openqa.selenium.remote.service.DriverCommandExecutor.execute(DriverCommandExecutor.java:158)
at org.openqa.selenium.remote.RemoteWebDriver.execute(RemoteWebDriver.java:543)
at org.openqa.selenium.remote.ElementLocation$ElementFinder$2.findElement(ElementLocation.java:162)
at org.openqa.selenium.remote.ElementLocation.findElement(ElementLocation.java:60)
at org.openqa.selenium.remote.RemoteWebDriver.findElement(RemoteWebDriver.java:352)
at org.openqa.selenium.remote.RemoteWebDriver.findElement(RemoteWebDriver.java:344)
at TestNG.BasePage.verifyElementVisibility(BasePage.java:20)
at TestNG.HomePage.verifyElements(HomePage.java:9)
at TestNG.DemoWebShopTestNG.verifyHomePageElements(DemoWebShopTestNG.java:9)
at java.base/java.util.ArrayList.forEach(ArrayList.java:1511)
... Removed 32 stack frames]]>
    </failure>
  </testcase> <!-- verifyHomePageElements -->
  <testcase classname="TestNG.DemoWebShopTestNG" name="addToCartFirstProduct" time="0.0">
    <skipped/>
  </testcase> <!-- addToCartFirstProduct -->
  <testcase classname="TestNG.DemoWebShopTestNG" name="verifyAddToCartPage" time="0.0">
    <skipped/>
  </testcase> <!-- verifyAddToCartPage -->
  <testcase classname="Grid.Prac" name="appleSite" time="0.0">
    <skipped/>
  </testcase> <!-- appleSite -->
</testsuite> <!-- Test -->
